This is pdfTeX, Version 3.14159265-2.6-1.40.16 (TeX Live 2015) (preloaded format=pdflatex 2015.5.24)  30 APR 2018 18:35
entering extended mode
 restricted \write18 enabled.
 file:line:error style messages enabled.
 %&-line parsing enabled.
**main.tex
(./main.tex
LaTeX2e <2015/01/01>
Babel <3.9l> and hyphenation patterns for 79 languages loaded.
(/usr/local/texlive/2015/texmf-dist/tex/latex/elsarticle/elsarticle.cls
Document Class: elsarticle 2009/09/17, 1.2.0: Elsevier Ltd
\@bls=\dimen102
(/usr/local/texlive/2015/texmf-dist/tex/latex/base/article.cls
Document Class: article 2014/09/29 v1.4h Standard LaTeX document class
(/usr/local/texlive/2015/texmf-dist/tex/latex/base/size10.clo
File: size10.clo 2014/09/29 v1.4h Standard LaTeX file (size option)
)
\c@part=\count79
\c@section=\count80
\c@subsection=\count81
\c@subsubsection=\count82
\c@paragraph=\count83
\c@subparagraph=\count84
\c@figure=\count85
\c@table=\count86
\abovecaptionskip=\skip41
\belowcaptionskip=\skip42
\bibindent=\dimen103
)
(/usr/local/texlive/2015/texmf-dist/tex/latex/graphics/graphicx.sty
Package: graphicx 2014/10/28 v1.0g Enhanced LaTeX Graphics (DPC,SPQR)

(/usr/local/texlive/2015/texmf-dist/tex/latex/graphics/keyval.sty
Package: keyval 2014/10/28 v1.15 key=value parser (DPC)
\KV@toks@=\toks14
)
(/usr/local/texlive/2015/texmf-dist/tex/latex/graphics/graphics.sty
Package: graphics 2014/10/28 v1.0p Standard LaTeX Graphics (DPC,SPQR)

(/usr/local/texlive/2015/texmf-dist/tex/latex/graphics/trig.sty
Package: trig 1999/03/16 v1.09 sin cos tan (DPC)
)
(/usr/local/texlive/2015/texmf-dist/tex/latex/latexconfig/graphics.cfg
File: graphics.cfg 2010/04/23 v1.9 graphics configuration of TeX Live
)
Package graphics Info: Driver file: pdftex.def on input line 94.

(/usr/local/texlive/2015/texmf-dist/tex/latex/pdftex-def/pdftex.def
File: pdftex.def 2011/05/27 v0.06d Graphics/color for pdfTeX

(/usr/local/texlive/2015/texmf-dist/tex/generic/oberdiek/infwarerr.sty
Package: infwarerr 2010/04/08 v1.3 Providing info/warning/error messages (HO)
)
(/usr/local/texlive/2015/texmf-dist/tex/generic/oberdiek/ltxcmds.sty
Package: ltxcmds 2011/11/09 v1.22 LaTeX kernel commands for general use (HO)
)
\Gread@gobject=\count87
))
\Gin@req@height=\dimen104
\Gin@req@width=\dimen105
)
(/usr/local/texlive/2015/texmf-dist/tex/latex/psnfss/pifont.sty
Package: pifont 2005/04/12 PSNFSS-v9.2a Pi font support (SPQR) 
LaTeX Font Info:    Try loading font information for U+pzd on input line 63.

(/usr/local/texlive/2015/texmf-dist/tex/latex/psnfss/upzd.fd
File: upzd.fd 2001/06/04 font definitions for U/pzd.
)
LaTeX Font Info:    Try loading font information for U+psy on input line 64.

(/usr/local/texlive/2015/texmf-dist/tex/latex/psnfss/upsy.fd
File: upsy.fd 2001/06/04 font definitions for U/psy.
))
\c@tnote=\count88
\c@fnote=\count89
\c@cnote=\count90
\c@ead=\count91
\c@author=\count92
\@eadauthor=\toks15
\c@affn=\count93
\absbox=\box26
\keybox=\box27
\Columnwidth=\dimen106
\space@left=\dimen107
\els@boxa=\box28
\els@boxb=\box29
\leftMargin=\dimen108
\@enLab=\toks16
\@sep=\skip43
\@@sep=\skip44
 (./main.spl)
(/usr/local/texlive/2015/texmf-dist/tex/latex/natbib/natbib.sty
Package: natbib 2010/09/13 8.31b (PWD, AO)
\bibhang=\skip45
\bibsep=\skip46
LaTeX Info: Redefining \cite on input line 694.
\c@NAT@ctr=\count94
)
\splwrite=\write3
\openout3 = `main.spl'.

)
(/usr/local/texlive/2015/texmf-dist/tex/latex/lineno/lineno.sty
Package: lineno 2005/11/02 line numbers on paragraphs v4.41
\linenopenalty=\count95
\output=\toks17
\linenoprevgraf=\count96
\linenumbersep=\dimen109
\linenumberwidth=\dimen110
\c@linenumber=\count97
\c@pagewiselinenumber=\count98
\c@LN@truepage=\count99
\c@internallinenumber=\count100
\c@internallinenumbers=\count101
\quotelinenumbersep=\dimen111
\bframerule=\dimen112
\bframesep=\dimen113
\bframebox=\box30
LaTeX Info: Redefining \\ on input line 3056.
)
(/usr/local/texlive/2015/texmf-dist/tex/latex/hyperref/hyperref.sty
Package: hyperref 2012/11/06 v6.83m Hypertext links for LaTeX

(/usr/local/texlive/2015/texmf-dist/tex/generic/oberdiek/hobsub-hyperref.sty
Package: hobsub-hyperref 2012/05/28 v1.13 Bundle oberdiek, subset hyperref (HO)


(/usr/local/texlive/2015/texmf-dist/tex/generic/oberdiek/hobsub-generic.sty
Package: hobsub-generic 2012/05/28 v1.13 Bundle oberdiek, subset generic (HO)
Package: hobsub 2012/05/28 v1.13 Construct package bundles (HO)
Package hobsub Info: Skipping package `infwarerr' (already loaded).
Package hobsub Info: Skipping package `ltxcmds' (already loaded).
Package: ifluatex 2010/03/01 v1.3 Provides the ifluatex switch (HO)
Package ifluatex Info: LuaTeX not detected.
Package: ifvtex 2010/03/01 v1.5 Detect VTeX and its facilities (HO)
Package ifvtex Info: VTeX not detected.
Package: intcalc 2007/09/27 v1.1 Expandable calculations with integers (HO)
Package: ifpdf 2011/01/30 v2.3 Provides the ifpdf switch (HO)
Package ifpdf Info: pdfTeX in PDF mode is detected.
Package: etexcmds 2011/02/16 v1.5 Avoid name clashes with e-TeX commands (HO)
Package etexcmds Info: Could not find \expanded.
(etexcmds)             That can mean that you are not using pdfTeX 1.50 or
(etexcmds)             that some package has redefined \expanded.
(etexcmds)             In the latter case, load this package earlier.
Package: kvsetkeys 2012/04/25 v1.16 Key value parser (HO)
Package: kvdefinekeys 2011/04/07 v1.3 Define keys (HO)
Package: pdftexcmds 2011/11/29 v0.20 Utility functions of pdfTeX for LuaTeX (HO
)
Package pdftexcmds Info: LuaTeX not detected.
Package pdftexcmds Info: \pdf@primitive is available.
Package pdftexcmds Info: \pdf@ifprimitive is available.
Package pdftexcmds Info: \pdfdraftmode found.
Package: pdfescape 2011/11/25 v1.13 Implements pdfTeX's escape features (HO)
Package: bigintcalc 2012/04/08 v1.3 Expandable calculations on big integers (HO
)
Package: bitset 2011/01/30 v1.1 Handle bit-vector datatype (HO)
Package: uniquecounter 2011/01/30 v1.2 Provide unlimited unique counter (HO)
)
Package hobsub Info: Skipping package `hobsub' (already loaded).
Package: letltxmacro 2010/09/02 v1.4 Let assignment for LaTeX macros (HO)
Package: hopatch 2012/05/28 v1.2 Wrapper for package hooks (HO)
Package: xcolor-patch 2011/01/30 xcolor patch
Package: atveryend 2011/06/30 v1.8 Hooks at the very end of document (HO)
Package atveryend Info: \enddocument detected (standard20110627).
Package: atbegshi 2011/10/05 v1.16 At begin shipout hook (HO)
Package: refcount 2011/10/16 v3.4 Data extraction from label references (HO)
Package: hycolor 2011/01/30 v1.7 Color options for hyperref/bookmark (HO)
)
(/usr/local/texlive/2015/texmf-dist/tex/generic/ifxetex/ifxetex.sty
Package: ifxetex 2010/09/12 v0.6 Provides ifxetex conditional
)
(/usr/local/texlive/2015/texmf-dist/tex/latex/oberdiek/auxhook.sty
Package: auxhook 2011/03/04 v1.3 Hooks for auxiliary files (HO)
)
(/usr/local/texlive/2015/texmf-dist/tex/latex/oberdiek/kvoptions.sty
Package: kvoptions 2011/06/30 v3.11 Key value format for package options (HO)
)
\@linkdim=\dimen114
\Hy@linkcounter=\count102
\Hy@pagecounter=\count103

(/usr/local/texlive/2015/texmf-dist/tex/latex/hyperref/pd1enc.def
File: pd1enc.def 2012/11/06 v6.83m Hyperref: PDFDocEncoding definition (HO)
)
\Hy@SavedSpaceFactor=\count104

(/usr/local/texlive/2015/texmf-dist/tex/latex/latexconfig/hyperref.cfg
File: hyperref.cfg 2002/06/06 v1.2 hyperref configuration of TeXLive
)
Package hyperref Info: Hyper figures OFF on input line 4443.
Package hyperref Info: Link nesting OFF on input line 4448.
Package hyperref Info: Hyper index ON on input line 4451.
Package hyperref Info: Plain pages OFF on input line 4458.
Package hyperref Info: Backreferencing OFF on input line 4463.
Package hyperref Info: Implicit mode ON; LaTeX internals redefined.
Package hyperref Info: Bookmarks ON on input line 4688.
\c@Hy@tempcnt=\count105

(/usr/local/texlive/2015/texmf-dist/tex/latex/url/url.sty
\Urlmuskip=\muskip10
Package: url 2013/09/16  ver 3.4  Verb mode for urls, etc.
)
LaTeX Info: Redefining \url on input line 5041.
\XeTeXLinkMargin=\dimen115
\Fld@menulength=\count106
\Field@Width=\dimen116
\Fld@charsize=\dimen117
Package hyperref Info: Hyper figures OFF on input line 6295.
Package hyperref Info: Link nesting OFF on input line 6300.
Package hyperref Info: Hyper index ON on input line 6303.
Package hyperref Info: backreferencing OFF on input line 6310.
Package hyperref Info: Link coloring OFF on input line 6315.
Package hyperref Info: Link coloring with OCG OFF on input line 6320.
Package hyperref Info: PDF/A mode OFF on input line 6325.
LaTeX Info: Redefining \ref on input line 6365.
LaTeX Info: Redefining \pageref on input line 6369.
\Hy@abspage=\count107
\c@Item=\count108
\c@Hfootnote=\count109
)

Package hyperref Message: Driver (autodetected): hpdftex.

(/usr/local/texlive/2015/texmf-dist/tex/latex/hyperref/hpdftex.def
File: hpdftex.def 2012/11/06 v6.83m Hyperref driver for pdfTeX
\Fld@listcount=\count110
\c@bookmark@seq@number=\count111

(/usr/local/texlive/2015/texmf-dist/tex/latex/oberdiek/rerunfilecheck.sty
Package: rerunfilecheck 2011/04/15 v1.7 Rerun checks for auxiliary files (HO)
Package uniquecounter Info: New unique counter `rerunfilecheck' on input line 2
82.
)
\Hy@SectionHShift=\skip47
)
(./numcompress.sty
Package: numcompress 2012/08/18 187 numcompress (CVR)


Package numcompress Warning: ****************************************
(numcompress)                Package numcompress v,187 loaded
(numcompress)                [Compress numbers (CVR)]
(numcompress)                ****************************************.

) (./preamble.tex
(/usr/local/texlive/2015/texmf-dist/tex/latex/caption/caption.sty
Package: caption 2013/05/02 v3.3-89 Customizing captions (AR)

(/usr/local/texlive/2015/texmf-dist/tex/latex/caption/caption3.sty
Package: caption3 2013/05/02 v1.6-88 caption3 kernel (AR)
Package caption3 Info: TeX engine: e-TeX on input line 57.
\captionmargin=\dimen118
\captionmargin@=\dimen119
\captionwidth=\dimen120
\caption@tempdima=\dimen121
\caption@indent=\dimen122
\caption@parindent=\dimen123
\caption@hangindent=\dimen124
)
\c@ContinuedFloat=\count112
Package caption Info: hyperref package is loaded.
)
(/usr/local/texlive/2015/texmf-dist/tex/latex/caption/subcaption.sty
Package: subcaption 2013/02/03 v1.1-62 Sub-captions (AR)
\c@subfigure=\count113
\c@subtable=\count114
)
(/usr/local/texlive/2015/texmf-dist/tex/latex/amsmath/amsmath.sty
Package: amsmath 2013/01/14 v2.14 AMS math features
\@mathmargin=\skip48

For additional information on amsmath, use the `?' option.
(/usr/local/texlive/2015/texmf-dist/tex/latex/amsmath/amstext.sty
Package: amstext 2000/06/29 v2.01

(/usr/local/texlive/2015/texmf-dist/tex/latex/amsmath/amsgen.sty
File: amsgen.sty 1999/11/30 v2.0
\@emptytoks=\toks18
\ex@=\dimen125
))
(/usr/local/texlive/2015/texmf-dist/tex/latex/amsmath/amsbsy.sty
Package: amsbsy 1999/11/29 v1.2d
\pmbraise@=\dimen126
)
(/usr/local/texlive/2015/texmf-dist/tex/latex/amsmath/amsopn.sty
Package: amsopn 1999/12/14 v2.01 operator names
)
\inf@bad=\count115
LaTeX Info: Redefining \frac on input line 210.
\uproot@=\count116
\leftroot@=\count117
LaTeX Info: Redefining \overline on input line 306.
\classnum@=\count118
\DOTSCASE@=\count119
LaTeX Info: Redefining \ldots on input line 378.
LaTeX Info: Redefining \dots on input line 381.
LaTeX Info: Redefining \cdots on input line 466.
\Mathstrutbox@=\box31
\strutbox@=\box32
\big@size=\dimen127
LaTeX Font Info:    Redeclaring font encoding OML on input line 566.
LaTeX Font Info:    Redeclaring font encoding OMS on input line 567.
\macc@depth=\count120
\c@MaxMatrixCols=\count121
\dotsspace@=\muskip11
\c@parentequation=\count122
\dspbrk@lvl=\count123
\tag@help=\toks19
\row@=\count124
\column@=\count125
\maxfields@=\count126
\andhelp@=\toks20
\eqnshift@=\dimen128
\alignsep@=\dimen129
\tagshift@=\dimen130
\tagwidth@=\dimen131
\totwidth@=\dimen132
\lineht@=\dimen133
\@envbody=\toks21
\multlinegap=\skip49
\multlinetaggap=\skip50
\mathdisplay@stack=\toks22
LaTeX Info: Redefining \[ on input line 2665.
LaTeX Info: Redefining \] on input line 2666.
)
(/usr/local/texlive/2015/texmf-dist/tex/latex/amsfonts/amssymb.sty
Package: amssymb 2013/01/14 v3.01 AMS font symbols

(/usr/local/texlive/2015/texmf-dist/tex/latex/amsfonts/amsfonts.sty
Package: amsfonts 2013/01/14 v3.01 Basic AMSFonts support
\symAMSa=\mathgroup4
\symAMSb=\mathgroup5
LaTeX Font Info:    Overwriting math alphabet `\mathfrak' in version `bold'
(Font)                  U/euf/m/n --> U/euf/b/n on input line 106.
))
(/usr/local/texlive/2015/texmf-dist/tex/latex/amscls/amsthm.sty
Package: amsthm 2015/03/04 v2.20.2
\thm@style=\toks23
\thm@bodyfont=\toks24
\thm@headfont=\toks25
\thm@notefont=\toks26
\thm@headpunct=\toks27
\thm@preskip=\skip51
\thm@postskip=\skip52
\thm@headsep=\skip53
\dth@everypar=\toks28
LaTeX Info: Redefining \qed on input line 264.
)
(/usr/local/texlive/2015/texmf-dist/tex/latex/graphics/color.sty
Package: color 2014/10/28 v1.1a Standard LaTeX Color (DPC)

(/usr/local/texlive/2015/texmf-dist/tex/latex/latexconfig/color.cfg
File: color.cfg 2007/01/18 v1.5 color configuration of teTeX/TeXLive
)
Package color Info: Driver file: pdftex.def on input line 142.
)
(/usr/local/texlive/2015/texmf-dist/tex/latex/booktabs/booktabs.sty
Package: booktabs 2005/04/14 v1.61803 publication quality tables
\heavyrulewidth=\dimen134
\lightrulewidth=\dimen135
\cmidrulewidth=\dimen136
\belowrulesep=\dimen137
\belowbottomsep=\dimen138
\aboverulesep=\dimen139
\abovetopsep=\dimen140
\cmidrulesep=\dimen141
\cmidrulekern=\dimen142
\defaultaddspace=\dimen143
\@cmidla=\count127
\@cmidlb=\count128
\@aboverulesep=\dimen144
\@belowrulesep=\dimen145
\@thisruleclass=\count129
\@lastruleclass=\count130
\@thisrulewidth=\dimen146
)
(/usr/local/texlive/2015/texmf-dist/tex/latex/listings/listings.sty
\lst@mode=\count131
\lst@gtempboxa=\box33
\lst@token=\toks29
\lst@length=\count132
\lst@currlwidth=\dimen147
\lst@column=\count133
\lst@pos=\count134
\lst@lostspace=\dimen148
\lst@width=\dimen149
\lst@newlines=\count135
\lst@lineno=\count136
\lst@maxwidth=\dimen150

(/usr/local/texlive/2015/texmf-dist/tex/latex/listings/lstmisc.sty
File: lstmisc.sty 2014/09/06 1.5e (Carsten Heinz)
\c@lstnumber=\count137
\lst@skipnumbers=\count138
\lst@framebox=\box34
)
(/usr/local/texlive/2015/texmf-dist/tex/latex/listings/listings.cfg
File: listings.cfg 2014/09/06 1.5e listings configuration
))
Package: listings 2014/09/06 1.5e (Carsten Heinz)

(/usr/local/texlive/2015/texmf-dist/tex/latex/float/float.sty
Package: float 2001/11/08 v1.3d Float enhancements (AL)
\c@float@type=\count139
\float@exts=\toks30
\float@box=\box35
\@float@everytoks=\toks31
\@floatcapt=\box36
)
(/usr/local/texlive/2015/texmf-dist/tex/latex/base/inputenc.sty
Package: inputenc 2015/03/17 v1.2c Input encoding file
\inpenc@prehook=\toks32
\inpenc@posthook=\toks33

(/usr/local/texlive/2015/texmf-dist/tex/latex/base/utf8.def
File: utf8.def 2014/09/29 v1.1m UTF-8 support for inputenc
Now handling font encoding OML ...
... no UTF-8 mapping file for font encoding OML
Now handling font encoding T1 ...
... processing UTF-8 mapping file for font encoding T1

(/usr/local/texlive/2015/texmf-dist/tex/latex/base/t1enc.dfu
File: t1enc.dfu 2014/09/29 v1.1m UTF-8 support for inputenc
   defining Unicode char U+00A1 (decimal 161)
   defining Unicode char U+00A3 (decimal 163)
   defining Unicode char U+00AB (decimal 171)
   defining Unicode char U+00BB (decimal 187)
   defining Unicode char U+00BF (decimal 191)
   defining Unicode char U+00C0 (decimal 192)
   defining Unicode char U+00C1 (decimal 193)
   defining Unicode char U+00C2 (decimal 194)
   defining Unicode char U+00C3 (decimal 195)
   defining Unicode char U+00C4 (decimal 196)
   defining Unicode char U+00C5 (decimal 197)
   defining Unicode char U+00C6 (decimal 198)
   defining Unicode char U+00C7 (decimal 199)
   defining Unicode char U+00C8 (decimal 200)
   defining Unicode char U+00C9 (decimal 201)
   defining Unicode char U+00CA (decimal 202)
   defining Unicode char U+00CB (decimal 203)
   defining Unicode char U+00CC (decimal 204)
   defining Unicode char U+00CD (decimal 205)
   defining Unicode char U+00CE (decimal 206)
   defining Unicode char U+00CF (decimal 207)
   defining Unicode char U+00D0 (decimal 208)
   defining Unicode char U+00D1 (decimal 209)
   defining Unicode char U+00D2 (decimal 210)
   defining Unicode char U+00D3 (decimal 211)
   defining Unicode char U+00D4 (decimal 212)
   defining Unicode char U+00D5 (decimal 213)
   defining Unicode char U+00D6 (decimal 214)
   defining Unicode char U+00D8 (decimal 216)
   defining Unicode char U+00D9 (decimal 217)
   defining Unicode char U+00DA (decimal 218)
   defining Unicode char U+00DB (decimal 219)
   defining Unicode char U+00DC (decimal 220)
   defining Unicode char U+00DD (decimal 221)
   defining Unicode char U+00DE (decimal 222)
   defining Unicode char U+00DF (decimal 223)
   defining Unicode char U+00E0 (decimal 224)
   defining Unicode char U+00E1 (decimal 225)
   defining Unicode char U+00E2 (decimal 226)
   defining Unicode char U+00E3 (decimal 227)
   defining Unicode char U+00E4 (decimal 228)
   defining Unicode char U+00E5 (decimal 229)
   defining Unicode char U+00E6 (decimal 230)
   defining Unicode char U+00E7 (decimal 231)
   defining Unicode char U+00E8 (decimal 232)
   defining Unicode char U+00E9 (decimal 233)
   defining Unicode char U+00EA (decimal 234)
   defining Unicode char U+00EB (decimal 235)
   defining Unicode char U+00EC (decimal 236)
   defining Unicode char U+00ED (decimal 237)
   defining Unicode char U+00EE (decimal 238)
   defining Unicode char U+00EF (decimal 239)
   defining Unicode char U+00F0 (decimal 240)
   defining Unicode char U+00F1 (decimal 241)
   defining Unicode char U+00F2 (decimal 242)
   defining Unicode char U+00F3 (decimal 243)
   defining Unicode char U+00F4 (decimal 244)
   defining Unicode char U+00F5 (decimal 245)
   defining Unicode char U+00F6 (decimal 246)
   defining Unicode char U+00F8 (decimal 248)
   defining Unicode char U+00F9 (decimal 249)
   defining Unicode char U+00FA (decimal 250)
   defining Unicode char U+00FB (decimal 251)
   defining Unicode char U+00FC (decimal 252)
   defining Unicode char U+00FD (decimal 253)
   defining Unicode char U+00FE (decimal 254)
   defining Unicode char U+00FF (decimal 255)
   defining Unicode char U+0102 (decimal 258)
   defining Unicode char U+0103 (decimal 259)
   defining Unicode char U+0104 (decimal 260)
   defining Unicode char U+0105 (decimal 261)
   defining Unicode char U+0106 (decimal 262)
   defining Unicode char U+0107 (decimal 263)
   defining Unicode char U+010C (decimal 268)
   defining Unicode char U+010D (decimal 269)
   defining Unicode char U+010E (decimal 270)
   defining Unicode char U+010F (decimal 271)
   defining Unicode char U+0110 (decimal 272)
   defining Unicode char U+0111 (decimal 273)
   defining Unicode char U+0118 (decimal 280)
   defining Unicode char U+0119 (decimal 281)
   defining Unicode char U+011A (decimal 282)
   defining Unicode char U+011B (decimal 283)
   defining Unicode char U+011E (decimal 286)
   defining Unicode char U+011F (decimal 287)
   defining Unicode char U+0130 (decimal 304)
   defining Unicode char U+0131 (decimal 305)
   defining Unicode char U+0132 (decimal 306)
   defining Unicode char U+0133 (decimal 307)
   defining Unicode char U+0139 (decimal 313)
   defining Unicode char U+013A (decimal 314)
   defining Unicode char U+013D (decimal 317)
   defining Unicode char U+013E (decimal 318)
   defining Unicode char U+0141 (decimal 321)
   defining Unicode char U+0142 (decimal 322)
   defining Unicode char U+0143 (decimal 323)
   defining Unicode char U+0144 (decimal 324)
   defining Unicode char U+0147 (decimal 327)
   defining Unicode char U+0148 (decimal 328)
   defining Unicode char U+014A (decimal 330)
   defining Unicode char U+014B (decimal 331)
   defining Unicode char U+0150 (decimal 336)
   defining Unicode char U+0151 (decimal 337)
   defining Unicode char U+0152 (decimal 338)
   defining Unicode char U+0153 (decimal 339)
   defining Unicode char U+0154 (decimal 340)
   defining Unicode char U+0155 (decimal 341)
   defining Unicode char U+0158 (decimal 344)
   defining Unicode char U+0159 (decimal 345)
   defining Unicode char U+015A (decimal 346)
   defining Unicode char U+015B (decimal 347)
   defining Unicode char U+015E (decimal 350)
   defining Unicode char U+015F (decimal 351)
   defining Unicode char U+0160 (decimal 352)
   defining Unicode char U+0161 (decimal 353)
   defining Unicode char U+0162 (decimal 354)
   defining Unicode char U+0163 (decimal 355)
   defining Unicode char U+0164 (decimal 356)
   defining Unicode char U+0165 (decimal 357)
   defining Unicode char U+016E (decimal 366)
   defining Unicode char U+016F (decimal 367)
   defining Unicode char U+0170 (decimal 368)
   defining Unicode char U+0171 (decimal 369)
   defining Unicode char U+0178 (decimal 376)
   defining Unicode char U+0179 (decimal 377)
   defining Unicode char U+017A (decimal 378)
   defining Unicode char U+017B (decimal 379)
   defining Unicode char U+017C (decimal 380)
   defining Unicode char U+017D (decimal 381)
   defining Unicode char U+017E (decimal 382)
   defining Unicode char U+200C (decimal 8204)
   defining Unicode char U+2013 (decimal 8211)
   defining Unicode char U+2014 (decimal 8212)
   defining Unicode char U+2018 (decimal 8216)
   defining Unicode char U+2019 (decimal 8217)
   defining Unicode char U+201A (decimal 8218)
   defining Unicode char U+201C (decimal 8220)
   defining Unicode char U+201D (decimal 8221)
   defining Unicode char U+201E (decimal 8222)
   defining Unicode char U+2030 (decimal 8240)
   defining Unicode char U+2031 (decimal 8241)
   defining Unicode char U+2039 (decimal 8249)
   defining Unicode char U+203A (decimal 8250)
   defining Unicode char U+2423 (decimal 9251)
)
Now handling font encoding OT1 ...
... processing UTF-8 mapping file for font encoding OT1

(/usr/local/texlive/2015/texmf-dist/tex/latex/base/ot1enc.dfu
File: ot1enc.dfu 2014/09/29 v1.1m UTF-8 support for inputenc
   defining Unicode char U+00A1 (decimal 161)
   defining Unicode char U+00A3 (decimal 163)
   defining Unicode char U+00B8 (decimal 184)
   defining Unicode char U+00BF (decimal 191)
   defining Unicode char U+00C5 (decimal 197)
   defining Unicode char U+00C6 (decimal 198)
   defining Unicode char U+00D8 (decimal 216)
   defining Unicode char U+00DF (decimal 223)
   defining Unicode char U+00E6 (decimal 230)
   defining Unicode char U+00EC (decimal 236)
   defining Unicode char U+00ED (decimal 237)
   defining Unicode char U+00EE (decimal 238)
   defining Unicode char U+00EF (decimal 239)
   defining Unicode char U+00F8 (decimal 248)
   defining Unicode char U+0131 (decimal 305)
   defining Unicode char U+0141 (decimal 321)
   defining Unicode char U+0142 (decimal 322)
   defining Unicode char U+0152 (decimal 338)
   defining Unicode char U+0153 (decimal 339)
   defining Unicode char U+2013 (decimal 8211)
   defining Unicode char U+2014 (decimal 8212)
   defining Unicode char U+2018 (decimal 8216)
   defining Unicode char U+2019 (decimal 8217)
   defining Unicode char U+201C (decimal 8220)
   defining Unicode char U+201D (decimal 8221)
)
Now handling font encoding OMS ...
... processing UTF-8 mapping file for font encoding OMS

(/usr/local/texlive/2015/texmf-dist/tex/latex/base/omsenc.dfu
File: omsenc.dfu 2014/09/29 v1.1m UTF-8 support for inputenc
   defining Unicode char U+00A7 (decimal 167)
   defining Unicode char U+00B6 (decimal 182)
   defining Unicode char U+00B7 (decimal 183)
   defining Unicode char U+2020 (decimal 8224)
   defining Unicode char U+2021 (decimal 8225)
   defining Unicode char U+2022 (decimal 8226)
)
Now handling font encoding OMX ...
... no UTF-8 mapping file for font encoding OMX
Now handling font encoding U ...
... no UTF-8 mapping file for font encoding U
Now handling font encoding PD1 ...
... no UTF-8 mapping file for font encoding PD1
   defining Unicode char U+00A9 (decimal 169)
   defining Unicode char U+00AA (decimal 170)
   defining Unicode char U+00AE (decimal 174)
   defining Unicode char U+00BA (decimal 186)
   defining Unicode char U+02C6 (decimal 710)
   defining Unicode char U+02DC (decimal 732)
   defining Unicode char U+200C (decimal 8204)
   defining Unicode char U+2026 (decimal 8230)
   defining Unicode char U+2122 (decimal 8482)
   defining Unicode char U+2423 (decimal 9251)
))
(/usr/local/texlive/2015/texmf-dist/tex/latex/multirow/multirow.sty
\bigstrutjot=\dimen151
)
(/usr/local/texlive/2015/texmf-dist/tex/latex/rotating/rotating.sty
Package: rotating 2009/03/28 v2.16a rotated objects in LaTeX

(/usr/local/texlive/2015/texmf-dist/tex/latex/base/ifthen.sty
Package: ifthen 2014/09/29 v1.1c Standard LaTeX ifthen package (DPC)
)
\c@r@tfl@t=\count140
\rotFPtop=\skip54
\rotFPbot=\skip55
\rot@float@box=\box37
\rot@mess@toks=\toks34
)
(/usr/local/texlive/2015/texmf-dist/tex/latex/setspace/setspace.sty
Package: setspace 2011/12/19 v6.7a set line spacing
)
(/usr/local/texlive/2015/texmf-dist/tex/latex/paralist/paralist.sty
Package: paralist 2013/06/09 v2.4 Extended list environments
\pltopsep=\skip56
\plpartopsep=\skip57
\plitemsep=\skip58
\plparsep=\skip59
\pl@lab=\toks35
)
(/usr/local/texlive/2015/texmf-dist/tex/latex/makecell/makecell.sty
Package: makecell 2009/08/03 V0.1e Managing of Tab Column Heads and Cells

(/usr/local/texlive/2015/texmf-dist/tex/latex/tools/array.sty
Package: array 2014/10/28 v2.4c Tabular extension package (FMi)
\col@sep=\dimen152
\extrarowheight=\dimen153
\NC@list=\toks36
\extratabsurround=\skip60
\backup@length=\skip61
)
\rotheadsize=\dimen154
\c@nlinenum=\count141
\TeXr@lab=\toks37
)
(/usr/local/texlive/2015/texmf-dist/tex/latex/moresize/moresize.sty
Package: moresize 1999/07/26 v1.9 (more font sizes)
)
(/usr/local/texlive/2015/texmf-dist/tex/latex/tools/tabularx.sty
Package: tabularx 2014/10/28 v2.10 `tabularx' package (DPC)
\TX@col@width=\dimen155
\TX@old@table=\dimen156
\TX@old@col=\dimen157
\TX@target=\dimen158
\TX@delta=\dimen159
\TX@cols=\count142
\TX@ftn=\toks38
)
(/usr/local/texlive/2015/texmf-dist/tex/latex/algorithms/algorithm.sty
Package: algorithm 2009/08/24 v0.1 Document Style `algorithm' - floating enviro
nment
\@float@every@algorithm=\toks39
\c@algorithm=\count143
)
(/usr/local/texlive/2015/texmf-dist/tex/latex/algorithmicx/algpseudocode.sty
Package: algpseudocode 

(/usr/local/texlive/2015/texmf-dist/tex/latex/algorithmicx/algorithmicx.sty
Package: algorithmicx 2005/04/27 v1.2 Algorithmicx

Document Style algorithmicx 1.2 - a greatly improved `algorithmic' style
\c@ALG@line=\count144
\c@ALG@rem=\count145
\c@ALG@nested=\count146
\ALG@tlm=\skip62
\ALG@thistlm=\skip63
\c@ALG@Lnr=\count147
\c@ALG@blocknr=\count148
\c@ALG@storecount=\count149
\c@ALG@tmpcounter=\count150
\ALG@tmplength=\skip64
)
Document Style - pseudocode environments for use with the `algorithmicx' style
) (/usr/local/texlive/2015/texmf-dist/tex/latex/wrapfig/wrapfig.sty
\wrapoverhang=\dimen160
\WF@size=\dimen161
\c@WF@wrappedlines=\count151
\WF@box=\box38
\WF@everypar=\toks40
Package: wrapfig 2003/01/31  v 3.6
)
(/usr/local/texlive/2015/texmf-dist/tex/latex/tools/xspace.sty
Package: xspace 2014/10/28 v1.13 Space after command names (DPC,MH)
)
(/usr/local/texlive/2015/texmf-dist/tex/latex/units/nicefrac.sty
Package: nicefrac 1998/08/04 v0.9b Nice fractions
\L@UnitsRaiseDisplaystyle=\skip65
\L@UnitsRaiseTextstyle=\skip66
\L@UnitsRaiseScriptstyle=\skip67
)
\c@definition=\count152

(/usr/local/texlive/2015/texmf-dist/tex/generic/ulem/ulem.sty
\UL@box=\box39
\UL@hyphenbox=\box40
\UL@skip=\skip68
\UL@hook=\toks41
\UL@height=\dimen162
\UL@pe=\count153
\UL@pixel=\dimen163
\ULC@box=\box41
Package: ulem 2012/05/18
\ULdepth=\dimen164
)) (./commands.tex (/usr/local/texlive/2015/texmf-dist/tex/latex/base/textcomp.
sty
Package: textcomp 2005/09/27 v1.99g Standard LaTeX package
Package textcomp Info: Sub-encoding information:
(textcomp)               5 = only ISO-Adobe without \textcurrency
(textcomp)               4 = 5 + \texteuro
(textcomp)               3 = 4 + \textohm
(textcomp)               2 = 3 + \textestimated + \textcurrency
(textcomp)               1 = TS1 - \textcircled - \t
(textcomp)               0 = TS1 (full)
(textcomp)             Font families with sub-encoding setting implement
(textcomp)             only a restricted character set as indicated.
(textcomp)             Family '?' is the default used for unknown fonts.
(textcomp)             See the documentation for details.
Package textcomp Info: Setting ? sub-encoding to TS1/1 on input line 79.

(/usr/local/texlive/2015/texmf-dist/tex/latex/base/ts1enc.def
File: ts1enc.def 2001/06/05 v3.0e (jk/car/fm) Standard LaTeX file
Now handling font encoding TS1 ...
... processing UTF-8 mapping file for font encoding TS1

(/usr/local/texlive/2015/texmf-dist/tex/latex/base/ts1enc.dfu
File: ts1enc.dfu 2014/09/29 v1.1m UTF-8 support for inputenc
   defining Unicode char U+00A2 (decimal 162)
   defining Unicode char U+00A3 (decimal 163)
   defining Unicode char U+00A4 (decimal 164)
   defining Unicode char U+00A5 (decimal 165)
   defining Unicode char U+00A6 (decimal 166)
   defining Unicode char U+00A7 (decimal 167)
   defining Unicode char U+00A8 (decimal 168)
   defining Unicode char U+00A9 (decimal 169)
   defining Unicode char U+00AA (decimal 170)
   defining Unicode char U+00AC (decimal 172)
   defining Unicode char U+00AE (decimal 174)
   defining Unicode char U+00AF (decimal 175)
   defining Unicode char U+00B0 (decimal 176)
   defining Unicode char U+00B1 (decimal 177)
   defining Unicode char U+00B2 (decimal 178)
   defining Unicode char U+00B3 (decimal 179)
   defining Unicode char U+00B4 (decimal 180)
   defining Unicode char U+00B5 (decimal 181)
   defining Unicode char U+00B6 (decimal 182)
   defining Unicode char U+00B7 (decimal 183)
   defining Unicode char U+00B9 (decimal 185)
   defining Unicode char U+00BA (decimal 186)
   defining Unicode char U+00BC (decimal 188)
   defining Unicode char U+00BD (decimal 189)
   defining Unicode char U+00BE (decimal 190)
   defining Unicode char U+00D7 (decimal 215)
   defining Unicode char U+00F7 (decimal 247)
   defining Unicode char U+0192 (decimal 402)
   defining Unicode char U+02C7 (decimal 711)
   defining Unicode char U+02D8 (decimal 728)
   defining Unicode char U+02DD (decimal 733)
   defining Unicode char U+0E3F (decimal 3647)
   defining Unicode char U+2016 (decimal 8214)
   defining Unicode char U+2020 (decimal 8224)
   defining Unicode char U+2021 (decimal 8225)
   defining Unicode char U+2022 (decimal 8226)
   defining Unicode char U+2030 (decimal 8240)
   defining Unicode char U+2031 (decimal 8241)
   defining Unicode char U+203B (decimal 8251)
   defining Unicode char U+203D (decimal 8253)
   defining Unicode char U+2044 (decimal 8260)
   defining Unicode char U+204E (decimal 8270)
   defining Unicode char U+2052 (decimal 8274)
   defining Unicode char U+20A1 (decimal 8353)
   defining Unicode char U+20A4 (decimal 8356)
   defining Unicode char U+20A6 (decimal 8358)
   defining Unicode char U+20A9 (decimal 8361)
   defining Unicode char U+20AB (decimal 8363)
   defining Unicode char U+20AC (decimal 8364)
   defining Unicode char U+20B1 (decimal 8369)
   defining Unicode char U+2103 (decimal 8451)
   defining Unicode char U+2116 (decimal 8470)
   defining Unicode char U+2117 (decimal 8471)
   defining Unicode char U+211E (decimal 8478)
   defining Unicode char U+2120 (decimal 8480)
   defining Unicode char U+2122 (decimal 8482)
   defining Unicode char U+2126 (decimal 8486)
   defining Unicode char U+2127 (decimal 8487)
   defining Unicode char U+212E (decimal 8494)
   defining Unicode char U+2190 (decimal 8592)
   defining Unicode char U+2191 (decimal 8593)
   defining Unicode char U+2192 (decimal 8594)
   defining Unicode char U+2193 (decimal 8595)
   defining Unicode char U+2329 (decimal 9001)
   defining Unicode char U+232A (decimal 9002)
   defining Unicode char U+2422 (decimal 9250)
   defining Unicode char U+25E6 (decimal 9702)
   defining Unicode char U+25EF (decimal 9711)
   defining Unicode char U+266A (decimal 9834)
))
LaTeX Info: Redefining \oldstylenums on input line 334.
Package textcomp Info: Setting cmr sub-encoding to TS1/0 on input line 349.
Package textcomp Info: Setting cmss sub-encoding to TS1/0 on input line 350.
Package textcomp Info: Setting cmtt sub-encoding to TS1/0 on input line 351.
Package textcomp Info: Setting cmvtt sub-encoding to TS1/0 on input line 352.
Package textcomp Info: Setting cmbr sub-encoding to TS1/0 on input line 353.
Package textcomp Info: Setting cmtl sub-encoding to TS1/0 on input line 354.
Package textcomp Info: Setting ccr sub-encoding to TS1/0 on input line 355.
Package textcomp Info: Setting ptm sub-encoding to TS1/4 on input line 356.
Package textcomp Info: Setting pcr sub-encoding to TS1/4 on input line 357.
Package textcomp Info: Setting phv sub-encoding to TS1/4 on input line 358.
Package textcomp Info: Setting ppl sub-encoding to TS1/3 on input line 359.
Package textcomp Info: Setting pag sub-encoding to TS1/4 on input line 360.
Package textcomp Info: Setting pbk sub-encoding to TS1/4 on input line 361.
Package textcomp Info: Setting pnc sub-encoding to TS1/4 on input line 362.
Package textcomp Info: Setting pzc sub-encoding to TS1/4 on input line 363.
Package textcomp Info: Setting bch sub-encoding to TS1/4 on input line 364.
Package textcomp Info: Setting put sub-encoding to TS1/5 on input line 365.
Package textcomp Info: Setting uag sub-encoding to TS1/5 on input line 366.
Package textcomp Info: Setting ugq sub-encoding to TS1/5 on input line 367.
Package textcomp Info: Setting ul8 sub-encoding to TS1/4 on input line 368.
Package textcomp Info: Setting ul9 sub-encoding to TS1/4 on input line 369.
Package textcomp Info: Setting augie sub-encoding to TS1/5 on input line 370.
Package textcomp Info: Setting dayrom sub-encoding to TS1/3 on input line 371.
Package textcomp Info: Setting dayroms sub-encoding to TS1/3 on input line 372.

Package textcomp Info: Setting pxr sub-encoding to TS1/0 on input line 373.
Package textcomp Info: Setting pxss sub-encoding to TS1/0 on input line 374.
Package textcomp Info: Setting pxtt sub-encoding to TS1/0 on input line 375.
Package textcomp Info: Setting txr sub-encoding to TS1/0 on input line 376.
Package textcomp Info: Setting txss sub-encoding to TS1/0 on input line 377.
Package textcomp Info: Setting txtt sub-encoding to TS1/0 on input line 378.
Package textcomp Info: Setting lmr sub-encoding to TS1/0 on input line 379.
Package textcomp Info: Setting lmdh sub-encoding to TS1/0 on input line 380.
Package textcomp Info: Setting lmss sub-encoding to TS1/0 on input line 381.
Package textcomp Info: Setting lmssq sub-encoding to TS1/0 on input line 382.
Package textcomp Info: Setting lmvtt sub-encoding to TS1/0 on input line 383.
Package textcomp Info: Setting lmtt sub-encoding to TS1/0 on input line 384.
Package textcomp Info: Setting qhv sub-encoding to TS1/0 on input line 385.
Package textcomp Info: Setting qag sub-encoding to TS1/0 on input line 386.
Package textcomp Info: Setting qbk sub-encoding to TS1/0 on input line 387.
Package textcomp Info: Setting qcr sub-encoding to TS1/0 on input line 388.
Package textcomp Info: Setting qcs sub-encoding to TS1/0 on input line 389.
Package textcomp Info: Setting qpl sub-encoding to TS1/0 on input line 390.
Package textcomp Info: Setting qtm sub-encoding to TS1/0 on input line 391.
Package textcomp Info: Setting qzc sub-encoding to TS1/0 on input line 392.
Package textcomp Info: Setting qhvc sub-encoding to TS1/0 on input line 393.
Package textcomp Info: Setting futs sub-encoding to TS1/4 on input line 394.
Package textcomp Info: Setting futx sub-encoding to TS1/4 on input line 395.
Package textcomp Info: Setting futj sub-encoding to TS1/4 on input line 396.
Package textcomp Info: Setting hlh sub-encoding to TS1/3 on input line 397.
Package textcomp Info: Setting hls sub-encoding to TS1/3 on input line 398.
Package textcomp Info: Setting hlst sub-encoding to TS1/3 on input line 399.
Package textcomp Info: Setting hlct sub-encoding to TS1/5 on input line 400.
Package textcomp Info: Setting hlx sub-encoding to TS1/5 on input line 401.
Package textcomp Info: Setting hlce sub-encoding to TS1/5 on input line 402.
Package textcomp Info: Setting hlcn sub-encoding to TS1/5 on input line 403.
Package textcomp Info: Setting hlcw sub-encoding to TS1/5 on input line 404.
Package textcomp Info: Setting hlcf sub-encoding to TS1/5 on input line 405.
Package textcomp Info: Setting pplx sub-encoding to TS1/3 on input line 406.
Package textcomp Info: Setting pplj sub-encoding to TS1/3 on input line 407.
Package textcomp Info: Setting ptmx sub-encoding to TS1/4 on input line 408.
Package textcomp Info: Setting ptmj sub-encoding to TS1/4 on input line 409.
)
(/usr/local/texlive/2015/texmf-dist/tex/latex/hypernat/hypernat.sty
Package: hypernat 2001/07/09 v1.0b hyperref and natbib compatibility (jb)
)
\@float@every@scheme=\toks42
\c@scheme=\count154


Package Paralist Warning: Macro \defaultleftmargin deprecated. 
(Paralist)                Use macro \setdefaultleftmargin instead!! 
(Paralist)                But note that it has six arguments! 
(Paralist)                Used on input line 227.

) (./main.aux)
\openout1 = `main.aux'.

LaTeX Font Info:    Checking defaults for OML/cmm/m/it on input line 44.
LaTeX Font Info:    ... okay on input line 44.
LaTeX Font Info:    Checking defaults for T1/cmr/m/n on input line 44.
LaTeX Font Info:    ... okay on input line 44.
LaTeX Font Info:    Checking defaults for OT1/cmr/m/n on input line 44.
LaTeX Font Info:    ... okay on input line 44.
LaTeX Font Info:    Checking defaults for OMS/cmsy/m/n on input line 44.
LaTeX Font Info:    ... okay on input line 44.
LaTeX Font Info:    Checking defaults for OMX/cmex/m/n on input line 44.
LaTeX Font Info:    ... okay on input line 44.
LaTeX Font Info:    Checking defaults for U/cmr/m/n on input line 44.
LaTeX Font Info:    ... okay on input line 44.
LaTeX Font Info:    Checking defaults for PD1/pdf/m/n on input line 44.
LaTeX Font Info:    ... okay on input line 44.
LaTeX Font Info:    Checking defaults for TS1/cmr/m/n on input line 44.
LaTeX Font Info:    Try loading font information for TS1+cmr on input line 44.
 (/usr/local/texlive/2015/texmf-dist/tex/latex/base/ts1cmr.fd
File: ts1cmr.fd 2014/09/29 v2.5h Standard LaTeX font definitions
)
LaTeX Font Info:    ... okay on input line 44.

(/usr/local/texlive/2015/texmf-dist/tex/context/base/supp-pdf.mkii
[Loading MPS to PDF converter (version 2006.09.02).]
\scratchcounter=\count155
\scratchdimen=\dimen165
\scratchbox=\box42
\nofMPsegments=\count156
\nofMParguments=\count157
\everyMPshowfont=\toks43
\MPscratchCnt=\count158
\MPscratchDim=\dimen166
\MPnumerator=\count159
\makeMPintoPDFobject=\count160
\everyMPtoPDFconversion=\toks44
) (/usr/local/texlive/2015/texmf-dist/tex/latex/oberdiek/epstopdf-base.sty
Package: epstopdf-base 2010/02/09 v2.5 Base part for package epstopdf

(/usr/local/texlive/2015/texmf-dist/tex/latex/oberdiek/grfext.sty
Package: grfext 2010/08/19 v1.1 Manage graphics extensions (HO)
)
Package grfext Info: Graphics extension search list:
(grfext)             [.pdf,.jpg,.tif,.eps]
(grfext)             \AppendGraphicsExtensions on input line 452.

(/usr/local/texlive/2015/texmf-dist/tex/latex/latexconfig/epstopdf-sys.cfg
File: epstopdf-sys.cfg 2010/07/13 v1.3 Configuration of (r)epstopdf for TeX Liv
e
))
\AtBeginShipoutBox=\box43
Package hyperref Info: Link coloring OFF on input line 44.

(/usr/local/texlive/2015/texmf-dist/tex/latex/hyperref/nameref.sty
Package: nameref 2012/10/27 v2.43 Cross-referencing by name of section

(/usr/local/texlive/2015/texmf-dist/tex/generic/oberdiek/gettitlestring.sty
Package: gettitlestring 2010/12/03 v1.4 Cleanup title references (HO)
)
\c@section@level=\count161
)
LaTeX Info: Redefining \ref on input line 44.
LaTeX Info: Redefining \pageref on input line 44.
LaTeX Info: Redefining \nameref on input line 44.

(./main.out) (./main.out)
\@outlinefile=\write4
\openout4 = `main.out'.

Package caption Info: Begin \AtBeginDocument code.
Package caption Info: float package is loaded.
Package caption Info: listings package is loaded.
Package caption Info: rotating package is loaded.
Package caption Info: wrapfig package is loaded.
Package caption Info: End \AtBeginDocument code.
\c@lstlisting=\count162
 (./abstract.tex
LaTeX Font Info:    Try loading font information for U+msa on input line 10.

(/usr/local/texlive/2015/texmf-dist/tex/latex/amsfonts/umsa.fd
File: umsa.fd 2013/01/14 v3.01 AMS symbols A
)
LaTeX Font Info:    Try loading font information for U+msb on input line 10.

(/usr/local/texlive/2015/texmf-dist/tex/latex/amsfonts/umsb.fd
File: umsb.fd 2013/01/14 v3.01 AMS symbols B
))
LaTeX Font Info:    Try loading font information for OT1+pcr on input line 116.


(/usr/local/texlive/2015/texmf-dist/tex/latex/psnfss/ot1pcr.fd
File: ot1pcr.fd 2001/06/04 font definitions for OT1/pcr.
) [1


{/usr/local/texlive/2015/texmf-var/fonts/map/pdftex/updmap/pdftex.map}] (./intr
oduction.tex
[2]) [3] (./applications.tex [4]
Package hyperref Info: bookmark level for unknown algorithm defaults to 0 on in
put line 26.

Underfull \hbox (badness 2173) in paragraph at lines 35--36
[]\OT1/cmr/bx/n/7 pro-ce-dure $\OML/cmm/m/it/7 Block[]RMSD$\OT1/cmr/m/n/7 (inde
x, topol-ogy, tra-jec-tory, $\OML/cmm/m/it/7 xref\OT1/cmr/m/n/7 0$, start=None,
 stop=None,
 []


Underfull \hbox (badness 10000) in paragraph at lines 44--45
[] \OT1/pcr/m/n/7 results[iframe, :] = ts.time, MDAnalysis.analysis.rms.rmsd(g.
positions,
 []


Underfull \hbox (badness 10000) in paragraph at lines 58--60
[]\OT1/pcr/m/n/7 out = Block[]RMSD(index, topology, trajectory, xref0, start=st
art, stop=stop,
 []

[5]
Underfull \hbox (badness 10000) in paragraph at lines 123--125
[]\OT1/pcr/m/n/7 out = Block[]Dihedral(index, topology, trajectory, xref0, star
t=start,
 []

) (./background.tex [6] [7] [8]) (./method.tex [9] [10]) (./experiments.tex

Package hyperref Warning: Difference (2) between bookmark levels is greater 
(hyperref)                than one, level fixed on input line 3.


Overfull \hbox (0.38055pt too wide) in paragraph at lines 5--11
\OT1/cmr/m/n/10 ($\OML/cmm/m/it/10 t[]$ \OT1/cmr/m/n/10 = 0.09 ms, $\OML/cmm/m/
it/10 t[]$ \OT1/cmr/m/n/10 = 0.3 ms, thus $\OML/cmm/m/it/10 t[]=t[] \OMS/cmsy/m
/n/10 ^^Y
 []

[11] <figures/main-RMSD-t_total.pdf, id=222, 289.08pt x 289.08pt>
File: figures/main-RMSD-t_total.pdf Graphic file (type pdf)

<use figures/main-RMSD-t_total.pdf>
Package pdftex.def Info: figures/main-RMSD-t_total.pdf used on input line 27.
(pdftex.def)             Requested size: 137.9979pt x 137.99812pt.

<figures/main-RMSD-speed_up.pdf, id=223, 289.08pt x 289.08pt>
File: figures/main-RMSD-speed_up.pdf Graphic file (type pdf)

<use figures/main-RMSD-speed_up.pdf>
Package pdftex.def Info: figures/main-RMSD-speed_up.pdf used on input line 33.
(pdftex.def)             Requested size: 137.9979pt x 137.99812pt.

<figures/main-RMSD-BarPlot-rank-comparison_72_4.pdf, id=224, 424.36674pt x 297.
56828pt>
File: figures/main-RMSD-BarPlot-rank-comparison_72_4.pdf Graphic file (type pdf
)
 <use figures/main-RMSD-BarPlot-rank-comparison_72_4.pdf>
Package pdftex.def Info: figures/main-RMSD-BarPlot-rank-comparison_72_4.pdf use
d on input line 40.
(pdftex.def)             Requested size: 276.00105pt x 193.53967pt.

Underfull \hbox (badness 10000) in paragraph at lines 48--48
[]\OT1/cmr/m/n/8 Figure 1: |Per-for-mance of the RMSD task with MPI which is I/
O-bound
 []

<figures/main-RMSD-time_comp_IO_comparison.pdf, id=229, 722.7pt x 289.08pt>
File: figures/main-RMSD-time_comp_IO_comparison.pdf Graphic file (type pdf)

<use figures/main-RMSD-time_comp_IO_comparison.pdf>
Package pdftex.def Info: figures/main-RMSD-time_comp_IO_comparison.pdf used on 
input line 60.
(pdftex.def)             Requested size: 345.0pt x 137.99812pt.
 [12] [13 <./figures/main-RMSD-t_total.pdf> <./figures/main-RMSD-speed_up.pdf

pdfTeX warning: /Library/TeX/texbin/pdflatex (file ./figures/main-RMSD-speed_up
.pdf): PDF inclusion: multiple pdfs with page group included in a single page
> <./figures/main-RMSD-BarPlot-rank-comparison_72_4.pdf

pdfTeX warning: /Library/TeX/texbin/pdflatex (file ./figures/main-RMSD-BarPlot-
rank-comparison_72_4.pdf): PDF inclusion: multiple pdfs with page group include
d in a single page
>] [14 <./figures/main-RMSD-time_comp_IO_comparison.pdf>]
<figs/t_total-dihedral-comm.pdf, id=428, 289.08pt x 289.08pt>
File: figs/t_total-dihedral-comm.pdf Graphic file (type pdf)

<use figs/t_total-dihedral-comm.pdf>
Package pdftex.def Info: figs/t_total-dihedral-comm.pdf used on input line 93.
(pdftex.def)             Requested size: 120.7521pt x 120.75111pt.

<figs/total_time_boxplot-dihedral-comm.pdf, id=429, 433.62pt x 289.08pt>
File: figs/total_time_boxplot-dihedral-comm.pdf Graphic file (type pdf)

<use figs/total_time_boxplot-dihedral-comm.pdf>
Package pdftex.def Info: figs/total_time_boxplot-dihedral-comm.pdf used on inpu
t line 99.
(pdftex.def)             Requested size: 172.5pt x 114.99918pt.

<figs/speed_up-dihedral-comm.pdf, id=430, 289.08pt x 289.08pt>
File: figs/speed_up-dihedral-comm.pdf Graphic file (type pdf)

<use figs/speed_up-dihedral-comm.pdf>
Package pdftex.def Info: figs/speed_up-dihedral-comm.pdf used on input line 107
.
(pdftex.def)             Requested size: 120.7521pt x 120.75111pt.

<figs/BarPlot-rank-comparison-dihedral-comm.pdf, id=431, 433.62pt x 289.08pt>
File: figs/BarPlot-rank-comparison-dihedral-comm.pdf Graphic file (type pdf)

<use figs/BarPlot-rank-comparison-dihedral-comm.pdf>
Package pdftex.def Info: figs/BarPlot-rank-comparison-dihedral-comm.pdf used on
 input line 114.
(pdftex.def)             Requested size: 172.5pt x 114.99918pt.

<figs/ViolinPlot-Ncores-comparison-comm-dihedral.pdf, id=432, 433.62pt x 289.08
pt>
File: figs/ViolinPlot-Ncores-comparison-comm-dihedral.pdf Graphic file (type pd
f)
 <use figs/ViolinPlot-Ncores-comparison-comm-dihedral.pdf>
Package pdftex.def Info: figs/ViolinPlot-Ncores-comparison-comm-dihedral.pdf us
ed on input line 128.
(pdftex.def)             Requested size: 189.75105pt x 126.50305pt.

<figs/t_comm-mean-dihedral.pdf, id=435, 289.08pt x 289.08pt>
File: figs/t_comm-mean-dihedral.pdf Graphic file (type pdf)

<use figs/t_comm-mean-dihedral.pdf>
Package pdftex.def Info: figs/t_comm-mean-dihedral.pdf used on input line 137.
(pdftex.def)             Requested size: 120.7521pt x 120.75111pt.

Underfull \hbox (badness 10000) in paragraph at lines 138--138
[]\OT1/cmr/m/n/9 (b) |Scal-ing com-munca-tion
 []


Underfull \hbox (badness 5787) in paragraph at lines 138--138
\OT1/cmr/m/n/9 time (mean and stan-dard
 []

[15 <./figs/t_total-dihedral-comm.pdf> <./figs/total_time_boxplot-dihedral-comm
.pdf

pdfTeX warning: /Library/TeX/texbin/pdflatex (file ./figs/total_time_boxplot-di
hedral-comm.pdf): PDF inclusion: multiple pdfs with page group included in a si
ngle page
> <./figs/speed_up-dihedral-comm.pdf

pdfTeX warning: /Library/TeX/texbin/pdflatex (file ./figs/speed_up-dihedral-com
m.pdf): PDF inclusion: multiple pdfs with page group included in a single page
> <./figs/BarPlot-rank-comparison-dihedral-comm.pdf

pdfTeX warning: /Library/TeX/texbin/pdflatex (file ./figs/BarPlot-rank-comparis
on-dihedral-comm.pdf): PDF inclusion: multiple pdfs with page group included in
 a single page
>]

Package hyperref Warning: Token not allowed in a PDF string (PDFDocEncoding):
(hyperref)                removing `subscript' on input line 153.


Package hyperref Warning: Token not allowed in a PDF string (PDFDocEncoding):
(hyperref)                removing `subscript' on input line 153.

[16 <./figs/ViolinPlot-Ncores-comparison-comm-dihedral.pdf> <./figs/t_comm-mean
-dihedral.pdf

pdfTeX warning: /Library/TeX/texbin/pdflatex (file ./figs/t_comm-mean-dihedral.
pdf): PDF inclusion: multiple pdfs with page group included in a single page
>]
<figures/Compute_to_IO_ratio_on_performance_2d_v17.pdf, id=711, 282.98221pt x 3
13.21141pt>
File: figures/Compute_to_IO_ratio_on_performance_2d_v17.pdf Graphic file (type 
pdf)
 <use figures/Compute_to_IO_ratio_on_performance_2d_v17.pdf>
Package pdftex.def Info: figures/Compute_to_IO_ratio_on_performance_2d_v17.pdf 
used on input line 190.
(pdftex.def)             Requested size: 103.50105pt x 114.55779pt.

Underfull \hbox (badness 10000) in paragraph at lines 191--191
[]\OT1/cmr/m/n/9 (a) |Ef-fect of
 []


Underfull \hbox (badness 10000) in paragraph at lines 191--191
\OML/cmm/m/it/9 t[]$\OT1/cmr/m/n/9 /$\OML/cmm/m/it/9 t[]$
 []


<figures/Compute_to_IO_ratio_on_performance_2d_2_v17.pdf, id=712, 282.98221pt x
 325.11652pt>
File: figures/Compute_to_IO_ratio_on_performance_2d_2_v17.pdf Graphic file (typ
e pdf)
 <use figures/Compute_to_IO_ratio_on_performance_2d_2_v17.pdf>
Package pdftex.def Info: figures/Compute_to_IO_ratio_on_performance_2d_2_v17.pd
f used on input line 196.
(pdftex.def)             Requested size: 103.50105pt x 118.9121pt.

Underfull \hbox (badness 10000) in paragraph at lines 197--197
\OT1/cmr/m/n/9 Up with re-spect to
 []


Underfull \hbox (badness 2478) in paragraph at lines 197--197
\OML/cmm/m/it/9 t[]$\OT1/cmr/m/n/9 /$\OML/cmm/m/it/9 t[]$ \OT1/cmr/m/n/9 for
 []


<figures/Compute_to_IO_ratio_on_performance_2d_3_v17.pdf, id=713, 282.7501pt x 
325.11652pt>
File: figures/Compute_to_IO_ratio_on_performance_2d_3_v17.pdf Graphic file (typ
e pdf)
 <use figures/Compute_to_IO_ratio_on_performance_2d_3_v17.pdf>
Package pdftex.def Info: figures/Compute_to_IO_ratio_on_performance_2d_3_v17.pd
f used on input line 202.
(pdftex.def)             Requested size: 103.50105pt x 119.0113pt.

Underfull \hbox (badness 2894) in paragraph at lines 203--203
[]\OT1/cmr/m/n/9 (c) |Change in the ef-
 []


Underfull \hbox (badness 2478) in paragraph at lines 203--203
\OML/cmm/m/it/9 t[]$\OT1/cmr/m/n/9 /$\OML/cmm/m/it/9 t[]$ \OT1/cmr/m/n/9 for
 []


Underfull \hbox (badness 7256) in paragraph at lines 208--208
[]\OT1/cmr/m/n/8 Figure 5: |Per-for-mance change of the RMSD task with MPI with
 dif-fer-ent
 []

[17] [18 <./figures/Compute_to_IO_ratio_on_performance_2d_v17.pdf> <./figures/C
ompute_to_IO_ratio_on_performance_2d_2_v17.pdf

pdfTeX warning: /Library/TeX/texbin/pdflatex (file ./figures/Compute_to_IO_rati
o_on_performance_2d_2_v17.pdf): PDF inclusion: multiple pdfs with page group in
cluded in a single page
> <./figures/Compute_to_IO_ratio_on_performance_2d_3_v17.pdf

pdfTeX warning: /Library/TeX/texbin/pdflatex (file ./figures/Compute_to_IO_rati
o_on_performance_2d_3_v17.pdf): PDF inclusion: multiple pdfs with page group in
cluded in a single page
>]
Underfull \hbox (badness 10000) in paragraph at lines 253--254
[]\OT1/pcr/m/n/7 out = Block[]RMSD(index, topology, trajectory, xref0, start=st
art, stop=stop,
 []

<figures/RMSD-ga4py-t_total.pdf, id=871, 289.08pt x 289.08pt>
File: figures/RMSD-ga4py-t_total.pdf Graphic file (type pdf)

<use figures/RMSD-ga4py-t_total.pdf>
Package pdftex.def Info: figures/RMSD-ga4py-t_total.pdf used on input line 270.

(pdftex.def)             Requested size: 137.9979pt x 137.99812pt.

<figures/RMSD-ga4py-speed_up.pdf, id=872, 289.08pt x 289.08pt>
File: figures/RMSD-ga4py-speed_up.pdf Graphic file (type pdf)

<use figures/RMSD-ga4py-speed_up.pdf>
Package pdftex.def Info: figures/RMSD-ga4py-speed_up.pdf used on input line 276
.
(pdftex.def)             Requested size: 137.9979pt x 137.99812pt.

<figures/RMSD-ga4py-BarPlot-rank-comparison_72_1.pdf, id=873, 474.69846pt x 279
.34946pt>
File: figures/RMSD-ga4py-BarPlot-rank-comparison_72_1.pdf Graphic file (type pd
f)
 <use figures/RMSD-ga4py-BarPlot-rank-comparison_72_1.pdf>
Package pdftex.def Info: figures/RMSD-ga4py-BarPlot-rank-comparison_72_1.pdf us
ed on input line 283.
(pdftex.def)             Requested size: 276.00105pt x 162.42346pt.

Underfull \hbox (badness 10000) in paragraph at lines 290--290
[]\OT1/cmr/m/n/8 Figure 6: |Per-for-mance of the RMSD task with MPI us-ing glob
al ar-ray
 []

<figures/RMSD-ga4py-time_IO_comparison.pdf, id=874, 722.7pt x 289.08pt>
File: figures/RMSD-ga4py-time_IO_comparison.pdf Graphic file (type pdf)

<use figures/RMSD-ga4py-time_IO_comparison.pdf>
Package pdftex.def Info: figures/RMSD-ga4py-time_IO_comparison.pdf used on inpu
t line 296.
(pdftex.def)             Requested size: 345.0pt x 137.99812pt.
 [19] [20 <./figures/RMSD-ga4py-t_total.pdf> <./figures/RMSD-ga4py-speed_up.pdf


pdfTeX warning: /Library/TeX/texbin/pdflatex (file ./figures/RMSD-ga4py-speed_u
p.pdf): PDF inclusion: multiple pdfs with page group included in a single page
> <./figures/RMSD-ga4py-BarPlot-rank-comparison_72_1.pdf

pdfTeX warning: /Library/TeX/texbin/pdflatex (file ./figures/RMSD-ga4py-BarPlot
-rank-comparison_72_1.pdf): PDF inclusion: multiple pdfs with page group includ
ed in a single page
>] <figures/split-t_total.pdf, id=1026, 289.08pt x 289.08pt>
File: figures/split-t_total.pdf Graphic file (type pdf)

<use figures/split-t_total.pdf>
Package pdftex.def Info: figures/split-t_total.pdf used on input line 332.
(pdftex.def)             Requested size: 137.9979pt x 137.99812pt.

<figures/split-speed_up.pdf, id=1027, 289.08pt x 289.08pt>
File: figures/split-speed_up.pdf Graphic file (type pdf)

<use figures/split-speed_up.pdf>
Package pdftex.def Info: figures/split-speed_up.pdf used on input line 338.
(pdftex.def)             Requested size: 137.9979pt x 137.99812pt.

<figures/split-BarPlot-rank-comparison_192_5.pdf, id=1028, 422.98206pt x 297.56
828pt>
File: figures/split-BarPlot-rank-comparison_192_5.pdf Graphic file (type pdf)
 <use figures/split-BarPlot-rank-comparison_192_5.pdf>
Package pdftex.def Info: figures/split-BarPlot-rank-comparison_192_5.pdf used o
n input line 345.
(pdftex.def)             Requested size: 276.00105pt x 194.1708pt.

Underfull \hbox (badness 10000) in paragraph at lines 352--352
[]\OT1/cmr/m/n/8 Figure 8: |Per-for-mance of the RMSD task with MPI us-ing glob
al ar-ray
 []

<figures/split-time_comp_IO_comparison.pdf, id=1029, 722.7pt x 289.08pt>
File: figures/split-time_comp_IO_comparison.pdf Graphic file (type pdf)

<use figures/split-time_comp_IO_comparison.pdf>
Package pdftex.def Info: figures/split-time_comp_IO_comparison.pdf used on inpu
t line 358.
(pdftex.def)             Requested size: 345.0pt x 137.99812pt.
 [21 <./figures/RMSD-ga4py-time_IO_comparison.pdf>] [22 <./figures/split-t_tota
l.pdf> <./figures/split-speed_up.pdf

pdfTeX warning: /Library/TeX/texbin/pdflatex (file ./figures/split-speed_up.pdf
): PDF inclusion: multiple pdfs with page group included in a single page
> <./figures/split-BarPlot-rank-comparison_192_5.pdf

pdfTeX warning: /Library/TeX/texbin/pdflatex (file ./figures/split-BarPlot-rank
-comparison_192_5.pdf): PDF inclusion: multiple pdfs with page group included i
n a single page
>] <figures/split-ga-t_total.pdf, id=1209, 289.08pt x 289.08pt>
File: figures/split-ga-t_total.pdf Graphic file (type pdf)

<use figures/split-ga-t_total.pdf>
Package pdftex.def Info: figures/split-ga-t_total.pdf used on input line 373.
(pdftex.def)             Requested size: 137.9979pt x 137.99812pt.

<figures/split-ga-speed_up.pdf, id=1210, 289.08pt x 289.08pt>
File: figures/split-ga-speed_up.pdf Graphic file (type pdf)

<use figures/split-ga-speed_up.pdf>
Package pdftex.def Info: figures/split-ga-speed_up.pdf used on input line 379.
(pdftex.def)             Requested size: 137.9979pt x 137.99812pt.

<figures/split-ga-BarPlot-rank-comparison_192_5.pdf, id=1211, 474.69846pt x 279
.34946pt>
File: figures/split-ga-BarPlot-rank-comparison_192_5.pdf Graphic file (type pdf
)
 <use figures/split-ga-BarPlot-rank-comparison_192_5.pdf>
Package pdftex.def Info: figures/split-ga-BarPlot-rank-comparison_192_5.pdf use
d on input line 386.
(pdftex.def)             Requested size: 276.00105pt x 162.42346pt.

Underfull \hbox (badness 10000) in paragraph at lines 393--393
[]\OT1/cmr/m/n/8 Figure 10: |Per-for-mance of the RMSD task with MPI us-ing glo
bal ar-ray
 []

<figures/split-ga-time_IO_comparison.pdf, id=1212, 722.7pt x 289.08pt>
File: figures/split-ga-time_IO_comparison.pdf Graphic file (type pdf)

<use figures/split-ga-time_IO_comparison.pdf>
Package pdftex.def Info: figures/split-ga-time_IO_comparison.pdf used on input 
line 399.
(pdftex.def)             Requested size: 345.0pt x 137.99812pt.

<figures/hdf5-t_total.pdf, id=1218, 289.08pt x 289.08pt>
File: figures/hdf5-t_total.pdf Graphic file (type pdf)

<use figures/hdf5-t_total.pdf>
Package pdftex.def Info: figures/hdf5-t_total.pdf used on input line 416.
(pdftex.def)             Requested size: 137.9979pt x 137.99812pt.

<figures/hdf5-speed_up.pdf, id=1219, 289.08pt x 289.08pt>
File: figures/hdf5-speed_up.pdf Graphic file (type pdf)

<use figures/hdf5-speed_up.pdf>
Package pdftex.def Info: figures/hdf5-speed_up.pdf used on input line 422.
(pdftex.def)             Requested size: 137.9979pt x 137.99812pt.

<figures/hdf5-BarPlot-rank-comparison_192_4.pdf, id=1220, 418.47278pt x 297.568
28pt>
File: figures/hdf5-BarPlot-rank-comparison_192_4.pdf Graphic file (type pdf)
 <use figures/hdf5-BarPlot-rank-comparison_192_4.pdf>
Package pdftex.def Info: figures/hdf5-BarPlot-rank-comparison_192_4.pdf used on
 input line 429.
(pdftex.def)             Requested size: 276.00105pt x 196.25945pt.

Underfull \hbox (badness 10000) in paragraph at lines 436--436
[]\OT1/cmr/m/n/8 Figure 12: |Per-for-mance of the RMSD task with MPI-based par-
al-lel HDF5
 []

<figures/hdf5-time_IO_comparison.pdf, id=1221, 722.7pt x 289.08pt>
File: figures/hdf5-time_IO_comparison.pdf Graphic file (type pdf)

<use figures/hdf5-time_IO_comparison.pdf>
Package pdftex.def Info: figures/hdf5-time_IO_comparison.pdf used on input line
 442.
(pdftex.def)             Requested size: 345.0pt x 137.99812pt.
) (./guideline.tex [23 <./figures/split-time_comp_IO_comparison.pdf>] [24 <./fi
gures/split-ga-t_total.pdf> <./figures/split-ga-speed_up.pdf

pdfTeX warning: /Library/TeX/texbin/pdflatex (file ./figures/split-ga-speed_up.
pdf): PDF inclusion: multiple pdfs with page group included in a single page
> <./figures/split-ga-BarPlot-rank-comparison_192_5.pdf

pdfTeX warning: /Library/TeX/texbin/pdflatex (file ./figures/split-ga-BarPlot-r
ank-comparison_192_5.pdf): PDF inclusion: multiple pdfs with page group include
d in a single page
>] [25 <./figures/split-ga-time_IO_comparison.pdf>] [26 <./figures/hdf5-t_total
.pdf> <./figures/hdf5-speed_up.pdf

pdfTeX warning: /Library/TeX/texbin/pdflatex (file ./figures/hdf5-speed_up.pdf)
: PDF inclusion: multiple pdfs with page group included in a single page
> <./figures/hdf5-BarPlot-rank-comparison_192_4.pdf

pdfTeX warning: /Library/TeX/texbin/pdflatex (file ./figures/hdf5-BarPlot-rank-
comparison_192_4.pdf): PDF inclusion: multiple pdfs with page group included in
 a single page
>]) (./conclusion.tex [27 <./figures/hdf5-time_IO_comparison.pdf>]) [28]
(./main.bbl [29]
Underfull \hbox (badness 1424) in paragraph at lines 121--130
[]\OT1/cmr/m/n/10 Hintze JL, Nel-son RD.  Vi-o-lin plots: A box plot-density tr
ace
 []


Underfull \hbox (badness 2495) in paragraph at lines 121--130
\OT1/cmr/m/n/10 syn-er-gism.  The Amer-i-can Statis-ti-cian 1998;52(2):181--4. 
 URL:
 []


Underfull \hbox (badness 10000) in paragraph at lines 121--130
[]$\OT1/pcr/m/n/10 http : / / www . tandfonline . com / doi / abs / 10 . 1080 /
 00031305 .
 []


Underfull \hbox (badness 10000) in paragraph at lines 121--130
\OT1/pcr/m/n/10 1998 . 10480559$[]\OT1/cmr/m/n/10 . doi:[]$\OT1/pcr/m/n/10 10 .
 1080 / 00031305 . 1998 . 10480559$[]\OT1/cmr/m/n/10 .
 []


Overfull \hbox (111.55562pt too wide) in paragraph at lines 121--130
[]\OT1/pcr/m/n/10 arXiv:http://www.tandfonline.com/doi/pdf/10.1080/00031305.199
8.10480559[]\OT1/cmr/m/n/10 . 
 []

) [30] [31] [32] (./splitting.tex)
Package atveryend Info: Empty hook `BeforeClearDocument' on input line 157.
 [33

]
Package atveryend Info: Empty hook `AfterLastShipout' on input line 157.
 (./main.aux)
Package atveryend Info: Executing hook `AtVeryEndDocument' on input line 157.
Package atveryend Info: Executing hook `AtEndAfterFileList' on input line 157.
Package rerunfilecheck Info: File `main.out' has not changed.
(rerunfilecheck)             Checksum: 5826F91C1950CBB783CF95C5D2AE0EAC;1748.
Package atveryend Info: Empty hook `AtVeryVeryEnd' on input line 157.
 ) 
Here is how much of TeX's memory you used:
 11907 strings out of 493089
 175348 string characters out of 6134842
 281663 words of memory out of 5000000
 15001 multiletter control sequences out of 15000+600000
 18447 words of font info for 68 fonts, out of 8000000 for 9000
 1141 hyphenation exceptions out of 8191
 38i,18n,41p,944b,671s stack positions out of 5000i,500n,10000p,200000b,80000s
{/usr/local/texlive/2015/texmf-dist/fonts/enc/dvips/base/8r.enc}</usr/local/t
exlive/2015/texmf-dist/fonts/type1/public/amsfonts/cm/cmbx10.pfb></usr/local/te
xlive/2015/texmf-dist/fonts/type1/public/amsfonts/cm/cmbx7.pfb></usr/local/texl
ive/2015/texmf-dist/fonts/type1/public/amsfonts/cm/cmbx8.pfb></usr/local/texliv
e/2015/texmf-dist/fonts/type1/public/amsfonts/cm/cmbxti10.pfb></usr/local/texli
ve/2015/texmf-dist/fonts/type1/public/amsfonts/cm/cmcsc10.pfb></usr/local/texli
ve/2015/texmf-dist/fonts/type1/public/amsfonts/cm/cmmi10.pfb></usr/local/texliv
e/2015/texmf-dist/fonts/type1/public/amsfonts/cm/cmmi5.pfb></usr/local/texlive/
2015/texmf-dist/fonts/type1/public/amsfonts/cm/cmmi6.pfb></usr/local/texlive/20
15/texmf-dist/fonts/type1/public/amsfonts/cm/cmmi7.pfb></usr/local/texlive/2015
/texmf-dist/fonts/type1/public/amsfonts/cm/cmmi8.pfb></usr/local/texlive/2015/t
exmf-dist/fonts/type1/public/amsfonts/cm/cmmi9.pfb></usr/local/texlive/2015/tex
mf-dist/fonts/type1/public/amsfonts/cm/cmr10.pfb></usr/local/texlive/2015/texmf
-dist/fonts/type1/public/amsfonts/cm/cmr12.pfb></usr/local/texlive/2015/texmf-d
ist/fonts/type1/public/amsfonts/cm/cmr5.pfb></usr/local/texlive/2015/texmf-dist
/fonts/type1/public/amsfonts/cm/cmr6.pfb></usr/local/texlive/2015/texmf-dist/fo
nts/type1/public/amsfonts/cm/cmr7.pfb></usr/local/texlive/2015/texmf-dist/fonts
/type1/public/amsfonts/cm/cmr8.pfb></usr/local/texlive/2015/texmf-dist/fonts/ty
pe1/public/amsfonts/cm/cmr9.pfb></usr/local/texlive/2015/texmf-dist/fonts/type1
/public/amsfonts/cm/cmsl10.pfb></usr/local/texlive/2015/texmf-dist/fonts/type1/
public/amsfonts/cm/cmsl9.pfb></usr/local/texlive/2015/texmf-dist/fonts/type1/pu
blic/amsfonts/cm/cmss8.pfb></usr/local/texlive/2015/texmf-dist/fonts/type1/publ
ic/amsfonts/cm/cmsy10.pfb></usr/local/texlive/2015/texmf-dist/fonts/type1/publi
c/amsfonts/cm/cmsy5.pfb></usr/local/texlive/2015/texmf-dist/fonts/type1/public/
amsfonts/cm/cmsy6.pfb></usr/local/texlive/2015/texmf-dist/fonts/type1/public/am
sfonts/cm/cmsy7.pfb></usr/local/texlive/2015/texmf-dist/fonts/type1/public/amsf
onts/cm/cmsy8.pfb></usr/local/texlive/2015/texmf-dist/fonts/type1/public/amsfon
ts/cm/cmti10.pfb></usr/local/texlive/2015/texmf-dist/fonts/type1/public/amsfont
s/cm/cmti7.pfb></usr/local/texlive/2015/texmf-dist/fonts/type1/public/amsfonts/
cm/cmti8.pfb></usr/local/texlive/2015/texmf-dist/fonts/type1/public/amsfonts/sy
mbols/msam10.pfb></usr/local/texlive/2015/texmf-dist/fonts/type1/urw/courier/uc
rr8a.pfb></usr/local/texlive/2015/texmf-dist/fonts/type1/urw/zapfding/uzdr.pfb>

Output written on main.pdf (33 pages, 998791 bytes).
PDF statistics:
 1809 PDF objects out of 2073 (max. 8388607)
 787 compressed objects within 8 object streams
 101 named destinations out of 1000 (max. 500000)
 338 words of extra memory for PDF output out of 10000 (max. 10000000)

